<?xml version='1.0' encoding='UTF-8' ?>
<testsuite name="com.mamlambo.article.simplecalc.test.LayoutTests" tests="6" failures="2" errors="0" time="3.115" timestamp="2014-10-04T12:14:43" hostname="localhost">
  <properties device="Google Nexus 5 - 4.4.2 - API 19 - 1080x1920 - 4.4.2" flavor="" project="simpleCalc" />
  <testcase name="testAddButtonOnScreen" classname="com.mamlambo.article.simplecalc.test.LayoutTests" time="0.89" />
  <testcase name="testMultiplyButtonOnScreen" classname="com.mamlambo.article.simplecalc.test.LayoutTests" time="0.355" />
  <testcase name="testAddDecimalValues" classname="com.mamlambo.article.simplecalc.test.MathValidation" time="0.541">
    <failure>junit.framework.AssertionFailedError: Add result should be 79.5 but was
at com.mamlambo.article.simplecalc.test.MathValidation.testAddDecimalValues(MathValidation.java:87)
at java.lang.reflect.Method.invokeNative(Native Method)
at android.test.InstrumentationTestCase.runMethod(InstrumentationTestCase.java:214)
at android.test.InstrumentationTestCase.runTest(InstrumentationTestCase.java:199)
at android.test.ActivityInstrumentationTestCase2.runTest(ActivityInstrumentationTestCase2.java:192)
at android.test.AndroidTestRunner.runTest(AndroidTestRunner.java:191)
at android.test.AndroidTestRunner.runTest(AndroidTestRunner.java:176)
at android.test.InstrumentationTestRunner.onStart(InstrumentationTestRunner.java:554)
at android.app.Instrumentation$InstrumentationThread.run(Instrumentation.java:1701)
</failure>
  </testcase>
  <testcase name="testAddValues" classname="com.mamlambo.article.simplecalc.test.MathValidation" time="0.432" />
  <testcase name="testMultiplyValues" classname="com.mamlambo.article.simplecalc.test.MathValidation" time="0.509" />
  <testcase name="testSubtractValues" classname="com.mamlambo.article.simplecalc.test.MathValidation" time="0.385">
    <failure>junit.framework.AssertionFailedError: Add result should be 52 but was
at com.mamlambo.article.simplecalc.test.MathValidation.testSubtractValues(MathValidation.java:95)
at java.lang.reflect.Method.invokeNative(Native Method)
at android.test.InstrumentationTestCase.runMethod(InstrumentationTestCase.java:214)
at android.test.InstrumentationTestCase.runTest(InstrumentationTestCase.java:199)
at android.test.ActivityInstrumentationTestCase2.runTest(ActivityInstrumentationTestCase2.java:192)
at android.test.AndroidTestRunner.runTest(AndroidTestRunner.java:191)
at android.test.AndroidTestRunner.runTest(AndroidTestRunner.java:176)
at android.test.InstrumentationTestRunner.onStart(InstrumentationTestRunner.java:554)
at android.app.Instrumentation$InstrumentationThread.run(Instrumentation.java:1701)
</failure>
  </testcase>
</testsuite>